<?xml version="1.0" encoding="UTF-8"?>
<!-- Generated by org.testng.reporters.JUnitReportReporter -->
<testsuite hostname="DESKTOP-AT83ANU" failures="0" tests="1" name="Test_Com.LoginTest" time="58.481" errors="0" timestamp="2025-04-05T11:16:03 IST" skipped="0">
  <testcase classname="Test_Com.LoginTest" name="LOginTest" time="58.481"/>
</testsuite> <!-- Test_Com.LoginTest -->
